<?xml version="1.0" encoding="UTF-8"?>
<!-- Generated by org.testng.reporters.JUnitReportReporter -->
<testsuite name="ABC.DemoB" tests="2" time="0.021" ignored="4" failures="0" timestamp="10 Jun 2017 03:25:36 GMT" skipped="0" hostname="w" errors="0">
  <testcase name="testC" time="0.005" classname="ABC.DemoB"/>
  <testcase name="testC" time="0.016" classname="ABC.DemoB"/>
  <testcase name="m3" classname="ABC.Basetest">
    <skipped/>
  </testcase> <!-- m3 -->
  <testcase name="m2" classname="ABC.Basetest">
    <skipped/>
  </testcase> <!-- m2 -->
  <testcase name="m4" classname="ABC.Basetest">
    <skipped/>
  </testcase> <!-- m4 -->
  <testcase name="m1" classname="ABC.Basetest">
    <skipped/>
  </testcase> <!-- m1 -->
</testsuite> <!-- ABC.DemoB -->
