<?xml version="1.0" encoding="UTF-8"?>
<!-- Generated by org.testng.reporters.JUnitReportReporter -->
<testsuite name="ABC.Demo1" tests="2" time="0.016" ignored="0" failures="0" timestamp="19 Feb 2017 14:19:26 GMT" skipped="0" hostname="w" errors="0">
  <testcase name="login" time="0.016" classname="ABC.Demo1"/>
  <testcase name="createuser" time="0.000" classname="ABC.Demo1"/>
</testsuite> <!-- ABC.Demo1 -->
